<?xml version='1.0' encoding='UTF-8'?>
<testsuite hostname="Nitin" name="edu.knoldus.parsing.ArithmeticParserSpec" tests="8" errors="0" failures="0" time="0.149">
                     <properties>
[...]
</properties>
                     <testcase classname="edu.knoldus.parsing.ArithmeticParserSpec" name="The parser should parse an integer literal" time="0.127">
                                                 
                                               </testcase><testcase classname="edu.knoldus.parsing.ArithmeticParserSpec" name="The parser should parse a negative integer literal" time="0.001">
                                                 
                                               </testcase><testcase classname="edu.knoldus.parsing.ArithmeticParserSpec" name="The parser should parse a simple sum" time="0.002">
                                                 
                                               </testcase><testcase classname="edu.knoldus.parsing.ArithmeticParserSpec" name="The parser should parse a simple product" time="0.001">
                                                 
                                               </testcase><testcase classname="edu.knoldus.parsing.ArithmeticParserSpec" name="The parser should parse a parenthesized sum" time="0.007">
                                                 
                                               </testcase><testcase classname="edu.knoldus.parsing.ArithmeticParserSpec" name="The parser should parse a parenthesized product" time="0.003">
                                                 
                                               </testcase><testcase classname="edu.knoldus.parsing.ArithmeticParserSpec" name="The parser should parse a complex expression" time="0.002">
                                                 
                                               </testcase><testcase classname="edu.knoldus.parsing.ArithmeticParserSpec" name="The parser should throw exception given incomplete input" time="0.006">
                                                 
                                               </testcase>
                     <system-out></system-out>
                     <system-err></system-err>
                   </testsuite>